<?xml version="1.0" encoding="UTF-8" ?>
<testsuite tests="25" failures="2" name="runner.TestRunner" time="0.059" errors="0" skipped="6">
  <properties>
[...]
</properties>
  <testcase classname="Scenario: Cadastrar novo login com email teste@hotmail.com" name="Given que estou na tela principal do americanas1" time="0.003"/>
  <testcase classname="Scenario: Cadastrar novo login com email teste@hotmail.com" name="When clico no link Cliente novo? Cadastrar antes de clicar faca login ou cadastre-se1" time="0"/>
  <testcase classname="Scenario: Cadastrar novo login com email teste@hotmail.com" name="And informo o campo email com o valor de teste@hotmail.com os demais campos devem estar corretos" time="0"/>
  <testcase classname="Scenario: Cadastrar novo login com email teste@hotmail.com" name="Then a mensagem de e-mail já cadastrado deve aparecer" time="0"/>
  <testcase classname="Scenario: Cadastrar novo login com email teste@hotmail.com" name="Scenario: Cadastrar novo login com email teste@hotmail.com" time="0.001"/>
  <testcase classname="Scenario: Cadastro de novo login inserir uma senha com 2 caracteres" name="Given que estou na tela principal do americanas2" time="0.002"/>
  <testcase classname="Scenario: Cadastro de novo login inserir uma senha com 2 caracteres" name="When clico no link Cliente novo Cadastrar antes de clicar faca login ou cadastre-se2" time="0"/>
  <testcase classname="Scenario: Cadastro de novo login inserir uma senha com 2 caracteres" name="And informo o campo senha com dois caracteres os demais campos devem estar corretos" time="0"/>
  <testcase classname="Scenario: Cadastro de novo login inserir uma senha com 2 caracteres" name="Then a mensagem Senha Fraca e Senha precisa ter entre 6 a 50 caracteres deve aparecer" time="0"/>
  <testcase classname="Scenario: Cadastro de novo login inserir uma senha com 2 caracteres" name="Scenario: Cadastro de novo login inserir uma senha com 2 caracteres" time="0"/>
  <testcase classname="Scenario: Cadastro de novo login inserir cpf invalido" name="Given que estou na tela principal do americanas3" time="0"/>
  <testcase classname="Scenario: Cadastro de novo login inserir cpf invalido" name="When clico no link Cliente novo? Cadastrar antes de clicar faca login ou cadastre-se3" time="0"/>
  <testcase classname="Scenario: Cadastro de novo login inserir cpf invalido" name="And informo o campo cpf com um cpf invalido" time="0"/>
  <testcase classname="Scenario: Cadastro de novo login inserir cpf invalido" name="Then a mensagem Campo inválido deve aparecer" time="0.006">
    <failure type="java.lang.AssertionError">java.lang.AssertionError
	at org.junit.Assert.fail(Assert.java:86)
	at org.junit.Assert.assertTrue(Assert.java:41)
	at org.junit.Assert.assertTrue(Assert.java:52)
	at steps.steps_parte1_cenario03.a_mensagem_deve_aparecer(steps_parte1_cenario03.java:73)
	at ✽.Then a mensagem Campo inválido deve aparecer(parte1_cenario03.feature:8)
</failure>
  </testcase>
  <testcase classname="Scenario: Cadastro de novo login inserir cpf invalido" name="Scenario: Cadastro de novo login inserir cpf invalido" time="0.007">
    <failure type="java.lang.AssertionError">java.lang.AssertionError
	at org.junit.Assert.fail(Assert.java:86)
	at org.junit.Assert.assertTrue(Assert.java:41)
	at org.junit.Assert.assertTrue(Assert.java:52)
	at steps.steps_parte1_cenario03.a_mensagem_deve_aparecer(steps_parte1_cenario03.java:73)
	at ✽.Then a mensagem Campo inválido deve aparecer(parte1_cenario03.feature:8)
</failure>
  </testcase>
  <testcase classname="Scenario: Cadastro de novo login e validacoes" name="Given que estou na tela principal do americanas4" time="0"/>
  <testcase classname="Scenario: Cadastro de novo login e validacoes" name="When clico no link Cliente novo? Cadastrar antes de clicar faca login ou cadastre-se4" time="0"/>
  <testcase classname="Scenario: Cadastro de novo login e validacoes" name="And informo todos os campos corretamente salvando novo usuario" time="0"/>
  <testcase classname="Scenario: Cadastro de novo login e validacoes" name="And logado na aplicacao fazer busca pelo texto Moto G6" time="0.001">
    <skipped/>
  </testcase>
  <testcase classname="Scenario: Cadastro de novo login e validacoes" name="And adiciono dois produtos a sua cesta" time="0.004">
    <skipped/>
  </testcase>
  <testcase classname="Scenario: Cadastro de novo login e validacoes" name="And valido que o total da compra é inferior a 5 mil reais" time="0.005">
    <skipped/>
  </testcase>
  <testcase classname="Scenario: Cadastro de novo login e validacoes" name="And valido que a compra pode ser dividida em até 10x sem juros." time="0.006">
    <skipped/>
  </testcase>
  <testcase classname="Scenario: Cadastro de novo login e validacoes" name="Then deve fechar o navegador apos essa acao" time="0.008">
    <skipped/>
  </testcase>
  <testcase classname="Scenario: Cadastro de novo login e validacoes" name="Scenario: Cadastro de novo login e validacoes" time="0.008">
    <skipped/>
  </testcase>
  <testcase classname="Scenario: Cadastro de novo login e validacoes" name="Scenario: Cadastro de novo login e validacoes" time="0.008"/>
</testsuite>